[master 3962497] auto: progress snapshot 14:00
 1 file changed, 0 insertions(+), 0 deletions(-)
 create mode 100644 autopush.log
To https://github.com/krallkan/sleepflow.git
   5c72582..3962497  master -> master
[master c557606] auto: progress snapshot 21:30
 1 file changed, 0 insertions(+), 0 deletions(-)
 create mode 100644 store/play-icon-512.png
To https://github.com/krallkan/sleepflow.git
   42dd9be..c557606  master -> master
[master d29a650] auto: progress snapshot 22:00
 1 file changed, 5 insertions(+)
To https://github.com/krallkan/sleepflow.git
   cf8f217..d29a650  master -> master
[master ef2ca1f] auto: progress snapshot 16:00
 1 file changed, 4 insertions(+)
To https://github.com/krallkan/sleepflow.git
   d29a650..ef2ca1f  master -> master
[master 44d92a5] auto: progress snapshot 16:30
 1 file changed, 4 insertions(+)
To https://github.com/krallkan/sleepflow.git
   ef2ca1f..44d92a5  master -> master
[master 98d9c7d] auto: progress snapshot 17:00
 1 file changed, 4 insertions(+)
To https://github.com/krallkan/sleepflow.git
   44d92a5..98d9c7d  master -> master
